0 info it worked if it ends with ok
1 verbose cli [ '/usr/bin/nodejs', '/usr/bin/npm', 'i' ]
2 info using npm@3.10.9
3 info using node@v7.1.0
4 silly loadCurrentTree Starting
5 silly install loadCurrentTree
6 silly install readLocalPackageData
7 silly install normalizeTree
8 silly loadCurrentTree Finishing
9 silly loadIdealTree Starting
10 silly install loadIdealTree
11 silly cloneCurrentTree Starting
12 silly install cloneCurrentTreeToIdealTree
13 silly cloneCurrentTree Finishing
14 silly loadShrinkwrap Starting
15 silly install loadShrinkwrap
16 silly loadShrinkwrap Finishing
17 silly loadAllDepsIntoIdealTree Starting
18 silly install loadAllDepsIntoIdealTree
19 silly fetchNamedPackageData express
20 silly mapToRegistry name express
21 silly mapToRegistry using default registry
22 silly mapToRegistry registry https://registry.npmjs.org/
23 silly mapToRegistry data Result {
23 silly mapToRegistry   raw: 'express',
23 silly mapToRegistry   scope: null,
23 silly mapToRegistry   escapedName: 'express',
23 silly mapToRegistry   name: 'express',
23 silly mapToRegistry   rawSpec: '',
23 silly mapToRegistry   spec: 'latest',
23 silly mapToRegistry   type: 'tag' }
24 silly mapToRegistry uri https://registry.npmjs.org/express
25 verbose request uri https://registry.npmjs.org/express
26 verbose request no auth needed
27 info attempt registry request try #1 at 11:55:50 PM
28 verbose request id 021e45740d144bb6
29 verbose etag W/"582f73a8-85024"
30 verbose lastModified Fri, 18 Nov 2016 21:33:28 GMT
31 http request GET https://registry.npmjs.org/express
32 http 304 https://registry.npmjs.org/express
33 verbose headers { date: 'Fri, 18 Nov 2016 23:55:51 GMT',
33 verbose headers   via: '1.1 varnish',
33 verbose headers   'cache-control': 'max-age=300',
33 verbose headers   etag: 'W/"582f73a8-85024"',
33 verbose headers   age: '79',
33 verbose headers   connection: 'keep-alive',
33 verbose headers   'x-served-by': 'cache-jfk8144-JFK',
33 verbose headers   'x-cache': 'HIT',
33 verbose headers   'x-cache-hits': '1',
33 verbose headers   'x-timer': 'S1479513351.890587,VS0,VE0',
33 verbose headers   vary: 'Accept-Encoding' }
34 silly get cb [ 304,
34 silly get   { date: 'Fri, 18 Nov 2016 23:55:51 GMT',
34 silly get     via: '1.1 varnish',
34 silly get     'cache-control': 'max-age=300',
34 silly get     etag: 'W/"582f73a8-85024"',
34 silly get     age: '79',
34 silly get     connection: 'keep-alive',
34 silly get     'x-served-by': 'cache-jfk8144-JFK',
34 silly get     'x-cache': 'HIT',
34 silly get     'x-cache-hits': '1',
34 silly get     'x-timer': 'S1479513351.890587,VS0,VE0',
34 silly get     vary: 'Accept-Encoding' } ]
35 verbose etag https://registry.npmjs.org/express from cache
36 verbose get saving express to /home/vagrant/.npm/registry.npmjs.org/express/.cache.json
37 verbose correctMkdir /home/vagrant/.npm correctMkdir not in flight; initializing
38 silly resolveWithNewModule express@4.14.0 checking installable status
39 silly cache add args [ 'express@^4.13.3', null ]
40 verbose cache add spec express@^4.13.3
41 silly cache add parsed spec Result {
41 silly cache add   raw: 'express@^4.13.3',
41 silly cache add   scope: null,
41 silly cache add   escapedName: 'express',
41 silly cache add   name: 'express',
41 silly cache add   rawSpec: '^4.13.3',
41 silly cache add   spec: '>=4.13.3 <5.0.0',
41 silly cache add   type: 'range' }
42 silly addNamed express@>=4.13.3 <5.0.0
43 verbose addNamed ">=4.13.3 <5.0.0" is a valid semver range for express
44 silly addNameRange { name: 'express', range: '>=4.13.3 <5.0.0', hasData: false }
45 silly mapToRegistry name express
46 silly mapToRegistry using default registry
47 silly mapToRegistry registry https://registry.npmjs.org/
48 silly mapToRegistry data Result {
48 silly mapToRegistry   raw: 'express',
48 silly mapToRegistry   scope: null,
48 silly mapToRegistry   escapedName: 'express',
48 silly mapToRegistry   name: 'express',
48 silly mapToRegistry   rawSpec: '',
48 silly mapToRegistry   spec: 'latest',
48 silly mapToRegistry   type: 'tag' }
49 silly mapToRegistry uri https://registry.npmjs.org/express
50 verbose addNameRange registry:https://registry.npmjs.org/express not in flight; fetching
51 verbose get https://registry.npmjs.org/express not expired, no request
52 silly addNameRange number 2 { name: 'express', range: '>=4.13.3 <5.0.0', hasData: true }
53 silly addNameRange versions [ 'express',
53 silly addNameRange   [ '0.14.0',
53 silly addNameRange     '0.14.1',
53 silly addNameRange     '1.0.0',
53 silly addNameRange     '1.0.1',
53 silly addNameRange     '1.0.2',
53 silly addNameRange     '1.0.3',
53 silly addNameRange     '1.0.4',
53 silly addNameRange     '1.0.5',
53 silly addNameRange     '1.0.6',
53 silly addNameRange     '1.0.7',
53 silly addNameRange     '1.0.8',
53 silly addNameRange     '2.0.0',
53 silly addNameRange     '2.1.0',
53 silly addNameRange     '2.1.1',
53 silly addNameRange     '2.2.0',
53 silly addNameRange     '2.2.1',
53 silly addNameRange     '2.2.2',
53 silly addNameRange     '2.3.0',
53 silly addNameRange     '2.3.1',
53 silly addNameRange     '2.3.2',
53 silly addNameRange     '2.3.3',
53 silly addNameRange     '2.3.4',
53 silly addNameRange     '2.3.5',
53 silly addNameRange     '2.3.6',
53 silly addNameRange     '2.3.7',
53 silly addNameRange     '2.3.8',
53 silly addNameRange     '2.3.9',
53 silly addNameRange     '2.3.10',
53 silly addNameRange     '2.3.11',
53 silly addNameRange     '2.3.12',
53 silly addNameRange     '2.4.0',
53 silly addNameRange     '2.4.1',
53 silly addNameRange     '2.4.2',
53 silly addNameRange     '2.4.3',
53 silly addNameRange     '2.4.4',
53 silly addNameRange     '2.4.5',
53 silly addNameRange     '2.4.6',
53 silly addNameRange     '2.4.7',
53 silly addNameRange     '2.5.0',
53 silly addNameRange     '2.5.1',
53 silly addNameRange     '2.5.2',
53 silly addNameRange     '2.5.3',
53 silly addNameRange     '2.5.4',
53 silly addNameRange     '2.5.5',
53 silly addNameRange     '2.5.6',
53 silly addNameRange     '2.5.7',
53 silly addNameRange     '2.5.8',
53 silly addNameRange     '2.5.9',
53 silly addNameRange     '2.5.10',
53 silly addNameRange     '2.5.11',
53 silly addNameRange     '3.0.0',
53 silly addNameRange     '3.0.1',
53 silly addNameRange     '3.0.2',
53 silly addNameRange     '3.0.3',
53 silly addNameRange     '3.0.4',
53 silly addNameRange     '3.0.5',
53 silly addNameRange     '3.0.6',
53 silly addNameRange     '3.1.0',
53 silly addNameRange     '3.1.1',
53 silly addNameRange     '3.1.2',
53 silly addNameRange     '3.2.0',
53 silly addNameRange     '3.2.1',
53 silly addNameRange     '3.2.2',
53 silly addNameRange     '3.2.3',
53 silly addNameRange     '3.2.4',
53 silly addNameRange     '3.2.5',
53 silly addNameRange     '3.2.6',
53 silly addNameRange     '3.3.0',
53 silly addNameRange     '3.3.1',
53 silly addNameRange     '3.3.2',
53 silly addNameRange     '3.3.3',
53 silly addNameRange     '3.3.4',
53 silly addNameRange     '3.3.5',
53 silly addNameRange     '3.3.6',
53 silly addNameRange     '1.0.0-beta',
53 silly addNameRange     '1.0.0-beta2',
53 silly addNameRange     '1.0.0-rc',
53 silly addNameRange     '1.0.0-rc2',
53 silly addNameRange     '1.0.0-rc3',
53 silly addNameRange     '1.0.0-rc4',
53 silly addNameRange     '2.0.0-beta',
53 silly addNameRange     '2.0.0-beta2',
53 silly addNameRange     '2.0.0-beta3',
53 silly addNameRange     '2.0.0-rc',
53 silly addNameRange     '2.0.0-rc2',
53 silly addNameRange     '2.0.0-rc3',
53 silly addNameRange     '3.0.0-alpha1',
53 silly addNameRange     '3.0.0-alpha2',
53 silly addNameRange     '3.0.0-alpha3',
53 silly addNameRange     '3.0.0-alpha4',
53 silly addNameRange     '3.0.0-alpha5',
53 silly addNameRange     '3.0.0-beta1',
53 silly addNameRange     '3.0.0-beta2',
53 silly addNameRange     '3.0.0-beta3',
53 silly addNameRange     '3.0.0-beta4',
53 silly addNameRange     '3.0.0-beta6',
53 silly addNameRange     '3.0.0-beta7',
53 silly addNameRange     '3.0.0-rc1',
53 silly addNameRange     '3.0.0-rc2',
53 silly addNameRange     '3.0.0-rc3',
53 silly addNameRange     ... 144 more items ] ]
54 silly addNamed express@4.14.0
55 verbose addNamed "4.14.0" is a plain semver version for express
56 silly cache afterAdd express@4.14.0
57 verbose afterAdd /home/vagrant/.npm/express/4.14.0/package/package.json not in flight; writing
58 verbose correctMkdir /home/vagrant/.npm correctMkdir not in flight; initializing
59 verbose afterAdd /home/vagrant/.npm/express/4.14.0/package/package.json written
60 silly fetchNamedPackageData send
61 silly mapToRegistry name send
62 silly mapToRegistry using default registry
63 silly mapToRegistry registry https://registry.npmjs.org/
64 silly mapToRegistry data Result {
64 silly mapToRegistry   raw: 'send',
64 silly mapToRegistry   scope: null,
64 silly mapToRegistry   escapedName: 'send',
64 silly mapToRegistry   name: 'send',
64 silly mapToRegistry   rawSpec: '',
64 silly mapToRegistry   spec: 'latest',
64 silly mapToRegistry   type: 'tag' }
65 silly mapToRegistry uri https://registry.npmjs.org/send
66 silly fetchNamedPackageData serve-static
67 silly mapToRegistry name serve-static
68 silly mapToRegistry using default registry
69 silly mapToRegistry registry https://registry.npmjs.org/
70 silly mapToRegistry data Result {
70 silly mapToRegistry   raw: 'serve-static',
70 silly mapToRegistry   scope: null,
70 silly mapToRegistry   escapedName: 'serve-static',
70 silly mapToRegistry   name: 'serve-static',
70 silly mapToRegistry   rawSpec: '',
70 silly mapToRegistry   spec: 'latest',
70 silly mapToRegistry   type: 'tag' }
71 silly mapToRegistry uri https://registry.npmjs.org/serve-static
72 verbose request uri https://registry.npmjs.org/send
73 verbose request no auth needed
74 info attempt registry request try #1 at 11:55:51 PM
75 verbose etag W/"5818dade-11dcb"
76 verbose lastModified Tue, 01 Nov 2016 18:11:42 GMT
77 http request GET https://registry.npmjs.org/send
78 verbose request uri https://registry.npmjs.org/serve-static
79 verbose request no auth needed
80 info attempt registry request try #1 at 11:55:51 PM
81 verbose etag W/"5827767e-13323"
82 verbose lastModified Sat, 12 Nov 2016 20:07:26 GMT
83 http request GET https://registry.npmjs.org/serve-static
84 http 304 https://registry.npmjs.org/send
85 verbose headers { date: 'Fri, 18 Nov 2016 23:55:52 GMT',
85 verbose headers   via: '1.1 varnish',
85 verbose headers   'cache-control': 'max-age=300',
85 verbose headers   etag: 'W/"5818dade-11dcb"',
85 verbose headers   age: '224',
85 verbose headers   connection: 'keep-alive',
85 verbose headers   'x-served-by': 'cache-jfk8144-JFK',
85 verbose headers   'x-cache': 'HIT',
85 verbose headers   'x-cache-hits': '1',
85 verbose headers   'x-timer': 'S1479513352.020146,VS0,VE0',
85 verbose headers   vary: 'Accept-Encoding' }
86 silly get cb [ 304,
86 silly get   { date: 'Fri, 18 Nov 2016 23:55:52 GMT',
86 silly get     via: '1.1 varnish',
86 silly get     'cache-control': 'max-age=300',
86 silly get     etag: 'W/"5818dade-11dcb"',
86 silly get     age: '224',
86 silly get     connection: 'keep-alive',
86 silly get     'x-served-by': 'cache-jfk8144-JFK',
86 silly get     'x-cache': 'HIT',
86 silly get     'x-cache-hits': '1',
86 silly get     'x-timer': 'S1479513352.020146,VS0,VE0',
86 silly get     vary: 'Accept-Encoding' } ]
87 verbose etag https://registry.npmjs.org/send from cache
88 verbose get saving send to /home/vagrant/.npm/registry.npmjs.org/send/.cache.json
89 verbose correctMkdir /home/vagrant/.npm correctMkdir not in flight; initializing
90 silly resolveWithNewModule send@0.14.1 checking installable status
91 silly cache add args [ 'send@0.14.1', null ]
92 verbose cache add spec send@0.14.1
93 silly cache add parsed spec Result {
93 silly cache add   raw: 'send@0.14.1',
93 silly cache add   scope: null,
93 silly cache add   escapedName: 'send',
93 silly cache add   name: 'send',
93 silly cache add   rawSpec: '0.14.1',
93 silly cache add   spec: '0.14.1',
93 silly cache add   type: 'version' }
94 silly addNamed send@0.14.1
95 verbose addNamed "0.14.1" is a plain semver version for send
96 silly mapToRegistry name send
97 silly mapToRegistry using default registry
98 silly mapToRegistry registry https://registry.npmjs.org/
99 silly mapToRegistry data Result {
99 silly mapToRegistry   raw: 'send',
99 silly mapToRegistry   scope: null,
99 silly mapToRegistry   escapedName: 'send',
99 silly mapToRegistry   name: 'send',
99 silly mapToRegistry   rawSpec: '',
99 silly mapToRegistry   spec: 'latest',
99 silly mapToRegistry   type: 'tag' }
100 silly mapToRegistry uri https://registry.npmjs.org/send
101 verbose addNameVersion registry:https://registry.npmjs.org/send not in flight; fetching
102 verbose get https://registry.npmjs.org/send not expired, no request
103 silly cache afterAdd send@0.14.1
104 verbose afterAdd /home/vagrant/.npm/send/0.14.1/package/package.json not in flight; writing
105 verbose correctMkdir /home/vagrant/.npm correctMkdir not in flight; initializing
106 verbose afterAdd /home/vagrant/.npm/send/0.14.1/package/package.json written
107 http 304 https://registry.npmjs.org/serve-static
108 verbose headers { date: 'Fri, 18 Nov 2016 23:55:52 GMT',
108 verbose headers   via: '1.1 varnish',
108 verbose headers   'cache-control': 'max-age=300',
108 verbose headers   etag: 'W/"5827767e-13323"',
108 verbose headers   age: '264',
108 verbose headers   connection: 'keep-alive',
108 verbose headers   'x-served-by': 'cache-jfk8144-JFK',
108 verbose headers   'x-cache': 'HIT',
108 verbose headers   'x-cache-hits': '1',
108 verbose headers   'x-timer': 'S1479513352.067691,VS0,VE0',
108 verbose headers   vary: 'Accept-Encoding' }
109 silly get cb [ 304,
109 silly get   { date: 'Fri, 18 Nov 2016 23:55:52 GMT',
109 silly get     via: '1.1 varnish',
109 silly get     'cache-control': 'max-age=300',
109 silly get     etag: 'W/"5827767e-13323"',
109 silly get     age: '264',
109 silly get     connection: 'keep-alive',
109 silly get     'x-served-by': 'cache-jfk8144-JFK',
109 silly get     'x-cache': 'HIT',
109 silly get     'x-cache-hits': '1',
109 silly get     'x-timer': 'S1479513352.067691,VS0,VE0',
109 silly get     vary: 'Accept-Encoding' } ]
110 verbose etag https://registry.npmjs.org/serve-static from cache
111 verbose get saving serve-static to /home/vagrant/.npm/registry.npmjs.org/serve-static/.cache.json
112 verbose correctMkdir /home/vagrant/.npm correctMkdir not in flight; initializing
113 silly resolveWithNewModule serve-static@1.11.1 checking installable status
114 silly cache add args [ 'serve-static@~1.11.1', null ]
115 verbose cache add spec serve-static@~1.11.1
116 silly cache add parsed spec Result {
116 silly cache add   raw: 'serve-static@~1.11.1',
116 silly cache add   scope: null,
116 silly cache add   escapedName: 'serve-static',
116 silly cache add   name: 'serve-static',
116 silly cache add   rawSpec: '~1.11.1',
116 silly cache add   spec: '>=1.11.1 <1.12.0',
116 silly cache add   type: 'range' }
117 silly addNamed serve-static@>=1.11.1 <1.12.0
118 verbose addNamed ">=1.11.1 <1.12.0" is a valid semver range for serve-static
119 silly addNameRange { name: 'serve-static',
119 silly addNameRange   range: '>=1.11.1 <1.12.0',
119 silly addNameRange   hasData: false }
120 silly mapToRegistry name serve-static
121 silly mapToRegistry using default registry
122 silly mapToRegistry registry https://registry.npmjs.org/
123 silly mapToRegistry data Result {
123 silly mapToRegistry   raw: 'serve-static',
123 silly mapToRegistry   scope: null,
123 silly mapToRegistry   escapedName: 'serve-static',
123 silly mapToRegistry   name: 'serve-static',
123 silly mapToRegistry   rawSpec: '',
123 silly mapToRegistry   spec: 'latest',
123 silly mapToRegistry   type: 'tag' }
124 silly mapToRegistry uri https://registry.npmjs.org/serve-static
125 verbose addNameRange registry:https://registry.npmjs.org/serve-static not in flight; fetching
126 verbose get https://registry.npmjs.org/serve-static not expired, no request
127 silly addNameRange number 2 { name: 'serve-static',
127 silly addNameRange   range: '>=1.11.1 <1.12.0',
127 silly addNameRange   hasData: true }
128 silly addNameRange versions [ 'serve-static',
128 silly addNameRange   [ '1.0.0',
128 silly addNameRange     '1.0.1',
128 silly addNameRange     '1.0.2',
128 silly addNameRange     '1.0.3',
128 silly addNameRange     '1.0.4',
128 silly addNameRange     '1.1.0',
128 silly addNameRange     '1.2.0',
128 silly addNameRange     '1.2.1',
128 silly addNameRange     '1.2.2',
128 silly addNameRange     '1.2.3',
128 silly addNameRange     '1.3.0',
128 silly addNameRange     '1.3.1',
128 silly addNameRange     '1.3.2',
128 silly addNameRange     '1.4.0',
128 silly addNameRange     '1.4.1',
128 silly addNameRange     '1.4.2',
128 silly addNameRange     '1.4.3',
128 silly addNameRange     '1.4.4',
128 silly addNameRange     '1.5.0',
128 silly addNameRange     '1.5.1',
128 silly addNameRange     '1.5.2',
128 silly addNameRange     '1.5.3',
128 silly addNameRange     '1.5.4',
128 silly addNameRange     '1.6.0',
128 silly addNameRange     '1.6.1',
128 silly addNameRange     '1.6.2',
128 silly addNameRange     '1.6.3',
128 silly addNameRange     '1.6.4',
128 silly addNameRange     '1.7.0',
128 silly addNameRange     '1.7.1',
128 silly addNameRange     '1.7.2',
128 silly addNameRange     '1.8.0',
128 silly addNameRange     '1.8.1',
128 silly addNameRange     '1.6.5',
128 silly addNameRange     '1.9.0',
128 silly addNameRange     '1.9.1',
128 silly addNameRange     '1.9.2',
128 silly addNameRange     '1.9.3',
128 silly addNameRange     '1.10.0',
128 silly addNameRange     '1.10.1',
128 silly addNameRange     '1.10.2',
128 silly addNameRange     '1.10.3',
128 silly addNameRange     '1.11.0',
128 silly addNameRange     '1.11.1' ] ]
129 silly addNamed serve-static@1.11.1
130 verbose addNamed "1.11.1" is a plain semver version for serve-static
131 silly cache afterAdd serve-static@1.11.1
132 verbose afterAdd /home/vagrant/.npm/serve-static/1.11.1/package/package.json not in flight; writing
133 verbose correctMkdir /home/vagrant/.npm correctMkdir not in flight; initializing
134 verbose afterAdd /home/vagrant/.npm/serve-static/1.11.1/package/package.json written
135 silly fetchNamedPackageData mime
136 silly mapToRegistry name mime
137 silly mapToRegistry using default registry
138 silly mapToRegistry registry https://registry.npmjs.org/
139 silly mapToRegistry data Result {
139 silly mapToRegistry   raw: 'mime',
139 silly mapToRegistry   scope: null,
139 silly mapToRegistry   escapedName: 'mime',
139 silly mapToRegistry   name: 'mime',
139 silly mapToRegistry   rawSpec: '',
139 silly mapToRegistry   spec: 'latest',
139 silly mapToRegistry   type: 'tag' }
140 silly mapToRegistry uri https://registry.npmjs.org/mime
141 verbose request uri https://registry.npmjs.org/mime
142 verbose request no auth needed
143 info attempt registry request try #1 at 11:55:51 PM
144 verbose etag W/"58221d20-50af"
145 verbose lastModified Tue, 08 Nov 2016 18:44:48 GMT
146 http request GET https://registry.npmjs.org/mime
147 http 304 https://registry.npmjs.org/mime
148 verbose headers { date: 'Fri, 18 Nov 2016 23:55:52 GMT',
148 verbose headers   via: '1.1 varnish',
148 verbose headers   'cache-control': 'max-age=300',
148 verbose headers   etag: 'W/"58221d20-50af"',
148 verbose headers   age: '97',
148 verbose headers   connection: 'keep-alive',
148 verbose headers   'x-served-by': 'cache-jfk8144-JFK',
148 verbose headers   'x-cache': 'HIT',
148 verbose headers   'x-cache-hits': '2',
148 verbose headers   'x-timer': 'S1479513352.101835,VS0,VE0',
148 verbose headers   vary: 'Accept-Encoding' }
149 silly get cb [ 304,
149 silly get   { date: 'Fri, 18 Nov 2016 23:55:52 GMT',
149 silly get     via: '1.1 varnish',
149 silly get     'cache-control': 'max-age=300',
149 silly get     etag: 'W/"58221d20-50af"',
149 silly get     age: '97',
149 silly get     connection: 'keep-alive',
149 silly get     'x-served-by': 'cache-jfk8144-JFK',
149 silly get     'x-cache': 'HIT',
149 silly get     'x-cache-hits': '2',
149 silly get     'x-timer': 'S1479513352.101835,VS0,VE0',
149 silly get     vary: 'Accept-Encoding' } ]
150 verbose etag https://registry.npmjs.org/mime from cache
151 verbose get saving mime to /home/vagrant/.npm/registry.npmjs.org/mime/.cache.json
152 verbose correctMkdir /home/vagrant/.npm correctMkdir not in flight; initializing
153 silly resolveWithNewModule mime@1.3.4 checking installable status
154 silly cache add args [ 'mime@1.3.4', null ]
155 verbose cache add spec mime@1.3.4
156 silly cache add parsed spec Result {
156 silly cache add   raw: 'mime@1.3.4',
156 silly cache add   scope: null,
156 silly cache add   escapedName: 'mime',
156 silly cache add   name: 'mime',
156 silly cache add   rawSpec: '1.3.4',
156 silly cache add   spec: '1.3.4',
156 silly cache add   type: 'version' }
157 silly addNamed mime@1.3.4
158 verbose addNamed "1.3.4" is a plain semver version for mime
159 silly mapToRegistry name mime
160 silly mapToRegistry using default registry
161 silly mapToRegistry registry https://registry.npmjs.org/
162 silly mapToRegistry data Result {
162 silly mapToRegistry   raw: 'mime',
162 silly mapToRegistry   scope: null,
162 silly mapToRegistry   escapedName: 'mime',
162 silly mapToRegistry   name: 'mime',
162 silly mapToRegistry   rawSpec: '',
162 silly mapToRegistry   spec: 'latest',
162 silly mapToRegistry   type: 'tag' }
163 silly mapToRegistry uri https://registry.npmjs.org/mime
164 verbose addNameVersion registry:https://registry.npmjs.org/mime not in flight; fetching
165 verbose get https://registry.npmjs.org/mime not expired, no request
166 silly cache afterAdd mime@1.3.4
167 verbose afterAdd /home/vagrant/.npm/mime/1.3.4/package/package.json not in flight; writing
168 verbose correctMkdir /home/vagrant/.npm correctMkdir not in flight; initializing
169 verbose afterAdd /home/vagrant/.npm/mime/1.3.4/package/package.json written
170 silly loadAllDepsIntoIdealTree Finishing
171 silly loadIdealTree Finishing
172 silly currentTree weatherthestorm@0.2.0
172 silly currentTree ├── accepts@1.3.3
172 silly currentTree ├── array-flatten@1.1.1
172 silly currentTree ├── content-disposition@0.5.1
172 silly currentTree ├── content-type@1.0.2
172 silly currentTree ├── cookie-signature@1.0.6
172 silly currentTree ├── cookie@0.3.1
172 silly currentTree ├── debug@2.2.0
172 silly currentTree ├── depd@1.1.0
172 silly currentTree ├── destroy@1.0.4
172 silly currentTree ├── ee-first@1.1.1
172 silly currentTree ├── encodeurl@1.0.1
172 silly currentTree ├── escape-html@1.0.3
172 silly currentTree ├── etag@1.7.0
172 silly currentTree ├── finalhandler@0.5.0
172 silly currentTree ├── forwarded@0.1.0
172 silly currentTree ├── fresh@0.3.0
172 silly currentTree ├── geolocator@2.1.0
172 silly currentTree ├── http-errors@1.5.1
172 silly currentTree ├── inherits@2.0.3
172 silly currentTree ├── ipaddr.js@1.1.1
172 silly currentTree ├── media-typer@0.3.0
172 silly currentTree ├── merge-descriptors@1.0.1
172 silly currentTree ├── methods@1.1.2
172 silly currentTree ├── mime-db@1.25.0
172 silly currentTree ├── mime-types@2.1.13
172 silly currentTree ├── ms@0.7.1
172 silly currentTree ├── negotiator@0.6.1
172 silly currentTree ├── on-finished@2.3.0
172 silly currentTree ├── parseurl@1.3.1
172 silly currentTree ├── path-to-regexp@0.1.7
172 silly currentTree ├── proxy-addr@1.1.2
172 silly currentTree ├── qs@6.2.0
172 silly currentTree ├── range-parser@1.2.0
172 silly currentTree ├── requirejs@2.3.2
172 silly currentTree ├── setprototypeof@1.0.2
172 silly currentTree ├── statuses@1.3.1
172 silly currentTree ├── type-is@1.6.13
172 silly currentTree ├── unpipe@1.0.0
172 silly currentTree ├── utils-merge@1.0.0
172 silly currentTree └── vary@1.1.0
173 silly idealTree weatherthestorm@0.2.0
173 silly idealTree ├── accepts@1.3.3
173 silly idealTree ├── array-flatten@1.1.1
173 silly idealTree ├── content-disposition@0.5.1
173 silly idealTree ├── content-type@1.0.2
173 silly idealTree ├── cookie-signature@1.0.6
173 silly idealTree ├── cookie@0.3.1
173 silly idealTree ├── debug@2.2.0
173 silly idealTree ├── depd@1.1.0
173 silly idealTree ├── destroy@1.0.4
173 silly idealTree ├── ee-first@1.1.1
173 silly idealTree ├── encodeurl@1.0.1
173 silly idealTree ├── escape-html@1.0.3
173 silly idealTree ├── etag@1.7.0
173 silly idealTree ├── express@4.14.0
173 silly idealTree ├── finalhandler@0.5.0
173 silly idealTree ├── forwarded@0.1.0
173 silly idealTree ├── fresh@0.3.0
173 silly idealTree ├── geolocator@2.1.0
173 silly idealTree ├── http-errors@1.5.1
173 silly idealTree ├── inherits@2.0.3
173 silly idealTree ├── ipaddr.js@1.1.1
173 silly idealTree ├── media-typer@0.3.0
173 silly idealTree ├── merge-descriptors@1.0.1
173 silly idealTree ├── methods@1.1.2
173 silly idealTree ├── mime-db@1.25.0
173 silly idealTree ├── mime-types@2.1.13
173 silly idealTree ├── mime@1.3.4
173 silly idealTree ├── ms@0.7.1
173 silly idealTree ├── negotiator@0.6.1
173 silly idealTree ├── on-finished@2.3.0
173 silly idealTree ├── parseurl@1.3.1
173 silly idealTree ├── path-to-regexp@0.1.7
173 silly idealTree ├── proxy-addr@1.1.2
173 silly idealTree ├── qs@6.2.0
173 silly idealTree ├── range-parser@1.2.0
173 silly idealTree ├── requirejs@2.3.2
173 silly idealTree ├── send@0.14.1
173 silly idealTree ├── serve-static@1.11.1
173 silly idealTree ├── setprototypeof@1.0.2
173 silly idealTree ├── statuses@1.3.1
173 silly idealTree ├── type-is@1.6.13
173 silly idealTree ├── unpipe@1.0.0
173 silly idealTree ├── utils-merge@1.0.0
173 silly idealTree └── vary@1.1.0
174 silly generateActionsToTake Starting
175 silly install generateActionsToTake
176 silly generateActionsToTake Finishing
177 silly diffTrees action count 4
178 silly diffTrees add mime@1.3.4
179 silly diffTrees add send@0.14.1
180 silly diffTrees add serve-static@1.11.1
181 silly diffTrees add express@4.14.0
182 silly decomposeActions action count 32
183 silly decomposeActions fetch mime@1.3.4
184 silly decomposeActions extract mime@1.3.4
185 silly decomposeActions test mime@1.3.4
186 silly decomposeActions preinstall mime@1.3.4
187 silly decomposeActions build mime@1.3.4
188 silly decomposeActions install mime@1.3.4
189 silly decomposeActions postinstall mime@1.3.4
190 silly decomposeActions finalize mime@1.3.4
191 silly decomposeActions fetch send@0.14.1
192 silly decomposeActions extract send@0.14.1
193 silly decomposeActions test send@0.14.1
194 silly decomposeActions preinstall send@0.14.1
195 silly decomposeActions build send@0.14.1
196 silly decomposeActions install send@0.14.1
197 silly decomposeActions postinstall send@0.14.1
198 silly decomposeActions finalize send@0.14.1
199 silly decomposeActions fetch serve-static@1.11.1
200 silly decomposeActions extract serve-static@1.11.1
201 silly decomposeActions test serve-static@1.11.1
202 silly decomposeActions preinstall serve-static@1.11.1
203 silly decomposeActions build serve-static@1.11.1
204 silly decomposeActions install serve-static@1.11.1
205 silly decomposeActions postinstall serve-static@1.11.1
206 silly decomposeActions finalize serve-static@1.11.1
207 silly decomposeActions fetch express@4.14.0
208 silly decomposeActions extract express@4.14.0
209 silly decomposeActions test express@4.14.0
210 silly decomposeActions preinstall express@4.14.0
211 silly decomposeActions build express@4.14.0
212 silly decomposeActions install express@4.14.0
213 silly decomposeActions postinstall express@4.14.0
214 silly decomposeActions finalize express@4.14.0
215 silly runTopLevelLifecycles Starting
216 silly install runPreinstallTopLevelLifecycles
217 silly preinstall weatherthestorm@0.2.0 /home/vagrant/share/openweather/weatherthestorm-22b09c21
218 info lifecycle weatherthestorm@0.2.0~preinstall: weatherthestorm@0.2.0
219 silly lifecycle weatherthestorm@0.2.0~preinstall: no script for preinstall, continuing
220 silly executeActions Starting
221 silly install executeActions
222 silly doSerial global-install 0
223 silly doParallel fetch 4
224 verbose correctMkdir /home/vagrant/.npm/_locks correctMkdir not in flight; initializing
225 verbose lock using /home/vagrant/.npm/_locks/staging-b3afb8185bcd1e21.lock for /home/vagrant/share/openweather/node_modules/.staging
226 silly doParallel extract 4
227 silly extract mime@1.3.4
228 silly extract send@0.14.1
229 silly extract serve-static@1.11.1
230 silly extract express@4.14.0
231 verbose unbuild node_modules/.staging/send-0addaca1
232 verbose unbuild node_modules/.staging/serve-static-fad6cad5
233 verbose unbuild node_modules/.staging/express-f4c8d4c4
234 verbose unbuild node_modules/.staging/mime-1cda8c26
235 silly gentlyRm /home/vagrant/share/openweather/node_modules/.staging/send-0addaca1 is being purged from base /home/vagrant/share/openweather
236 verbose gentlyRm don't care about contents; nuking /home/vagrant/share/openweather/node_modules/.staging/send-0addaca1
237 silly gentlyRm /home/vagrant/share/openweather/node_modules/.staging/serve-static-fad6cad5 is being purged from base /home/vagrant/share/openweather
238 verbose gentlyRm don't care about contents; nuking /home/vagrant/share/openweather/node_modules/.staging/serve-static-fad6cad5
239 silly gentlyRm /home/vagrant/share/openweather/node_modules/.staging/express-f4c8d4c4 is being purged from base /home/vagrant/share/openweather
240 verbose gentlyRm don't care about contents; nuking /home/vagrant/share/openweather/node_modules/.staging/express-f4c8d4c4
241 silly gentlyRm /home/vagrant/share/openweather/node_modules/.staging/mime-1cda8c26 is being purged from base /home/vagrant/share/openweather
242 verbose gentlyRm don't care about contents; nuking /home/vagrant/share/openweather/node_modules/.staging/mime-1cda8c26
243 verbose tar unpack /home/vagrant/.npm/send/0.14.1/package.tgz
244 verbose tar unpacking to /home/vagrant/share/openweather/node_modules/.staging/send-0addaca1
245 silly gentlyRm /home/vagrant/share/openweather/node_modules/.staging/send-0addaca1 is being purged
246 verbose gentlyRm don't care about contents; nuking /home/vagrant/share/openweather/node_modules/.staging/send-0addaca1
247 verbose tar unpack /home/vagrant/.npm/serve-static/1.11.1/package.tgz
248 verbose tar unpacking to /home/vagrant/share/openweather/node_modules/.staging/serve-static-fad6cad5
249 silly gentlyRm /home/vagrant/share/openweather/node_modules/.staging/serve-static-fad6cad5 is being purged
250 verbose gentlyRm don't care about contents; nuking /home/vagrant/share/openweather/node_modules/.staging/serve-static-fad6cad5
251 verbose tar unpack /home/vagrant/.npm/express/4.14.0/package.tgz
252 verbose tar unpacking to /home/vagrant/share/openweather/node_modules/.staging/express-f4c8d4c4
253 silly gentlyRm /home/vagrant/share/openweather/node_modules/.staging/express-f4c8d4c4 is being purged
254 verbose gentlyRm don't care about contents; nuking /home/vagrant/share/openweather/node_modules/.staging/express-f4c8d4c4
255 verbose tar unpack /home/vagrant/.npm/mime/1.3.4/package.tgz
256 verbose tar unpacking to /home/vagrant/share/openweather/node_modules/.staging/mime-1cda8c26
257 silly gentlyRm /home/vagrant/share/openweather/node_modules/.staging/mime-1cda8c26 is being purged
258 verbose gentlyRm don't care about contents; nuking /home/vagrant/share/openweather/node_modules/.staging/mime-1cda8c26
259 silly gunzTarPerm modes [ '755', '644' ]
260 silly gunzTarPerm modes [ '755', '644' ]
261 silly gunzTarPerm modes [ '755', '644' ]
262 silly gunzTarPerm modes [ '755', '644' ]
263 silly gunzTarPerm extractEntry package.json
264 silly gunzTarPerm modified mode [ 'package.json', 438, 420 ]
265 silly gunzTarPerm extractEntry package.json
266 silly gunzTarPerm modified mode [ 'package.json', 438, 420 ]
267 silly gunzTarPerm extractEntry package.json
268 silly gunzTarPerm modified mode [ 'package.json', 438, 420 ]
269 silly gunzTarPerm extractEntry package.json
270 silly gunzTarPerm extractEntry README.md
271 silly gunzTarPerm modified mode [ 'README.md', 438, 420 ]
272 silly gunzTarPerm extractEntry LICENSE
273 silly gunzTarPerm modified mode [ 'LICENSE', 438, 420 ]
274 silly gunzTarPerm extractEntry README.md
275 silly gunzTarPerm modified mode [ 'README.md', 438, 420 ]
276 silly gunzTarPerm extractEntry LICENSE
277 silly gunzTarPerm modified mode [ 'LICENSE', 438, 420 ]
278 silly gunzTarPerm extractEntry LICENSE
279 silly gunzTarPerm modified mode [ 'LICENSE', 438, 420 ]
280 silly gunzTarPerm extractEntry index.js
281 silly gunzTarPerm modified mode [ 'index.js', 438, 420 ]
282 silly gunzTarPerm extractEntry .npmignore
283 silly gunzTarPerm extractEntry README.md
284 silly gunzTarPerm extractEntry index.js
285 silly gunzTarPerm modified mode [ 'index.js', 438, 420 ]
286 silly gunzTarPerm extractEntry HISTORY.md
287 silly gunzTarPerm modified mode [ 'HISTORY.md', 438, 420 ]
288 silly gunzTarPerm extractEntry index.js
289 silly gunzTarPerm modified mode [ 'index.js', 438, 420 ]
290 silly gunzTarPerm extractEntry HISTORY.md
291 silly gunzTarPerm modified mode [ 'HISTORY.md', 438, 420 ]
292 silly gunzTarPerm extractEntry History.md
293 silly gunzTarPerm modified mode [ 'History.md', 438, 420 ]
294 silly gunzTarPerm extractEntry Readme.md
295 silly gunzTarPerm modified mode [ 'Readme.md', 438, 420 ]
296 silly gunzTarPerm extractEntry lib/application.js
297 silly gunzTarPerm modified mode [ 'lib/application.js', 438, 420 ]
298 silly gunzTarPerm extractEntry lib/express.js
299 silly gunzTarPerm modified mode [ 'lib/express.js', 438, 420 ]
300 silly gunzTarPerm extractEntry lib/request.js
301 silly gunzTarPerm modified mode [ 'lib/request.js', 438, 420 ]
302 silly gunzTarPerm extractEntry lib/response.js
303 silly gunzTarPerm modified mode [ 'lib/response.js', 438, 420 ]
304 silly gunzTarPerm extractEntry lib/utils.js
305 silly gunzTarPerm modified mode [ 'lib/utils.js', 438, 420 ]
306 silly gunzTarPerm extractEntry lib/view.js
307 silly gunzTarPerm modified mode [ 'lib/view.js', 438, 420 ]
308 silly gunzTarPerm extractEntry lib/middleware/init.js
309 silly gunzTarPerm modified mode [ 'lib/middleware/init.js', 438, 420 ]
310 silly gunzTarPerm extractEntry lib/middleware/query.js
311 silly gunzTarPerm modified mode [ 'lib/middleware/query.js', 438, 420 ]
312 silly gunzTarPerm extractEntry lib/router/index.js
313 silly gunzTarPerm modified mode [ 'lib/router/index.js', 438, 420 ]
314 silly gunzTarPerm extractEntry lib/router/layer.js
315 silly gunzTarPerm modified mode [ 'lib/router/layer.js', 438, 420 ]
316 silly gunzTarPerm extractEntry lib/router/route.js
317 silly gunzTarPerm modified mode [ 'lib/router/route.js', 438, 420 ]
318 silly gunzTarPerm extractEntry LICENSE
319 silly gunzTarPerm extractEntry cli.js
320 silly gunzTarPerm extractEntry mime.js
321 silly gunzTarPerm extractEntry build/build.js
322 silly gunzTarPerm extractEntry build/test.js
323 silly gunzTarPerm extractEntry types.json
324 silly gentlyRm /home/vagrant/share/openweather/node_modules/.staging/serve-static-fad6cad5/node_modules is being purged
325 verbose gentlyRm don't care about contents; nuking /home/vagrant/share/openweather/node_modules/.staging/serve-static-fad6cad5/node_modules
326 silly gentlyRm /home/vagrant/share/openweather/node_modules/.staging/send-0addaca1/node_modules is being purged
327 verbose gentlyRm don't care about contents; nuking /home/vagrant/share/openweather/node_modules/.staging/send-0addaca1/node_modules
328 silly gentlyRm /home/vagrant/share/openweather/node_modules/.staging/mime-1cda8c26/node_modules is being purged
329 verbose gentlyRm don't care about contents; nuking /home/vagrant/share/openweather/node_modules/.staging/mime-1cda8c26/node_modules
330 silly gentlyRm /home/vagrant/share/openweather/node_modules/.staging/express-f4c8d4c4/node_modules is being purged
331 verbose gentlyRm don't care about contents; nuking /home/vagrant/share/openweather/node_modules/.staging/express-f4c8d4c4/node_modules
332 silly doParallel preinstall 4
333 silly preinstall mime@1.3.4 /home/vagrant/share/openweather/node_modules/.staging/mime-1cda8c26
334 info lifecycle mime@1.3.4~preinstall: mime@1.3.4
335 silly preinstall send@0.14.1 /home/vagrant/share/openweather/node_modules/.staging/send-0addaca1
336 info lifecycle send@0.14.1~preinstall: send@0.14.1
337 silly preinstall serve-static@1.11.1 /home/vagrant/share/openweather/node_modules/.staging/serve-static-fad6cad5
338 info lifecycle serve-static@1.11.1~preinstall: serve-static@1.11.1
339 silly preinstall express@4.14.0 /home/vagrant/share/openweather/node_modules/.staging/express-f4c8d4c4
340 info lifecycle express@4.14.0~preinstall: express@4.14.0
341 silly lifecycle send@0.14.1~preinstall: no script for preinstall, continuing
342 silly lifecycle mime@1.3.4~preinstall: no script for preinstall, continuing
343 silly lifecycle serve-static@1.11.1~preinstall: no script for preinstall, continuing
344 silly lifecycle express@4.14.0~preinstall: no script for preinstall, continuing
345 silly doReverseSerial remove 0
346 silly doSerial move 0
347 silly doSerial finalize 4
348 silly finalize /home/vagrant/share/openweather/node_modules/mime
349 silly finalize /home/vagrant/share/openweather/node_modules/send
350 silly finalize /home/vagrant/share/openweather/node_modules/serve-static
351 silly finalize /home/vagrant/share/openweather/node_modules/express
352 silly doSerial build 4
353 silly build mime@1.3.4
354 info linkStuff mime@1.3.4
355 silly linkStuff mime@1.3.4 has /home/vagrant/share/openweather/node_modules as its parent node_modules
356 verbose linkBins mime@1.3.4
357 verbose link bins [ { mime: 'cli.js' },
357 verbose link bins   '/home/vagrant/share/openweather/node_modules/.bin',
357 verbose link bins   false ]
358 verbose linkMans mime@1.3.4
359 silly gentlyRm /home/vagrant/share/openweather/node_modules/.bin/mime is being purged
360 verbose gentlyRm don't care about contents; nuking /home/vagrant/share/openweather/node_modules/.bin/mime
361 verbose unlock done using /home/vagrant/.npm/_locks/staging-b3afb8185bcd1e21.lock for /home/vagrant/share/openweather/node_modules/.staging
362 silly rollbackFailedOptional Starting
363 silly rollbackFailedOptional Finishing
364 silly runTopLevelLifecycles Finishing
365 silly install printInstalled
366 verbose stack Error: EPROTO: protocol error, symlink '../mime/cli.js' -> '/home/vagrant/share/openweather/node_modules/.bin/mime'
367 verbose cwd /home/vagrant/share/openweather
368 error Linux 3.13.0-101-generic
369 error argv "/usr/bin/nodejs" "/usr/bin/npm" "i"
370 error node v7.1.0
371 error npm  v3.10.9
372 error path ../mime/cli.js
373 error code EPROTO
374 error errno -71
375 error syscall symlink
376 error EPROTO: protocol error, symlink '../mime/cli.js' -> '/home/vagrant/share/openweather/node_modules/.bin/mime'
377 error If you need help, you may report this error at:
377 error     <https://github.com/npm/npm/issues>
378 verbose exit [ -71, true ]
